SF:lib\src\blocs\location\location_bloc.dart
DA:10,3
DA:11,2
DA:12,2
DA:14,3
DA:15,2
DA:17,3
LF:6
LH:6
end_of_record
SF:lib\src\blocs\location\location_event.dart
DA:4,0
DA:5,0
LF:2
LH:0
end_of_record
SF:lib\src\blocs\location\location_state.dart
DA:6,1
DA:7,1
DA:17,2
DA:18,1
DA:19,2
DA:25,2
DA:27,1
DA:28,2
LF:8
LH:8
end_of_record
SF:lib\src\services\location\location_service.dart
DA:4,0
LF:1
LH:0
end_of_record
SF:lib\src\models\city.dart
DA:6,2
DA:8,1
DA:9,1
DA:10,1
DA:11,1
DA:12,2
DA:20,2
DA:25,1
DA:26,1
DA:27,1
DA:28,1
LF:11
LH:11
end_of_record
SF:lib\src\blocs\current_weather_bloc\current_weather_bloc.dart
DA:12,6
DA:13,4
DA:15,4
DA:16,6
DA:17,4
DA:18,2
DA:20,4
LF:7
LH:7
end_of_record
SF:lib\src\blocs\current_weather_bloc\current_weather_event.dart
DA:4,0
DA:5,0
DA:12,2
DA:13,1
DA:14,3
LF:5
LH:3
end_of_record
SF:lib\src\blocs\current_weather_bloc\current_weather_state.dart
DA:6,1
DA:7,1
DA:17,2
DA:19,1
DA:20,2
LF:5
LH:5
end_of_record
SF:lib\src\models\current_weather.dart
DA:10,2
DA:16,0
DA:17,0
DA:19,0
DA:20,0
DA:21,0
DA:22,0
DA:23,0
DA:24,0
DA:26,0
DA:27,0
DA:28,0
LF:12
LH:1
end_of_record
SF:lib\src\models\temp_hourly.dart
DA:8,2
DA:11,0
DA:12,0
DA:13,0
DA:14,0
DA:15,0
LF:6
LH:1
end_of_record
SF:lib\src\models\weather.dart
DA:5,3
DA:7,0
DA:8,0
DA:9,0
DA:10,0
LF:5
LH:1
end_of_record
SF:lib\src\models\temp_daily.dart
DA:9,2
DA:15,0
DA:16,0
DA:17,0
DA:18,0
DA:19,0
DA:20,0
DA:21,0
LF:8
LH:1
end_of_record
SF:lib\src\models\week_forecast_weather.dart
DA:8,2
DA:10,0
DA:11,0
DA:12,0
DA:13,0
DA:14,0
DA:15,0
DA:17,0
LF:8
LH:1
end_of_record
SF:lib\src\blocs\week_forecast_weather_bloc\week_forecast_weather_bloc.dart
DA:11,2
DA:12,4
DA:13,4
DA:14,4
DA:16,6
DA:17,4
DA:18,2
DA:21,4
LF:8
LH:8
end_of_record
SF:lib\src\blocs\week_forecast_weather_bloc\week_forecast_weather_event.dart
DA:4,0
DA:5,0
DA:12,2
DA:13,1
DA:14,3
LF:5
LH:3
end_of_record
SF:lib\src\blocs\week_forecast_weather_bloc\week_forecast_weather_state.dart
DA:6,1
DA:7,1
DA:16,2
DA:17,1
DA:18,2
LF:5
LH:5
end_of_record
SF:lib\src\routes\route_controller.dart
DA:11,0
DA:12,0
DA:13,0
DA:14,0
DA:15,0
DA:16,0
DA:17,0
DA:18,0
DA:19,0
DA:20,0
LF:10
LH:0
end_of_record
SF:lib\src\screens\location_screen\location_screen.dart
DA:16,1
DA:17,2
DA:19,1
DA:21,1
DA:22,3
DA:23,1
DA:25,1
DA:27,1
DA:30,1
DA:31,1
DA:32,3
DA:36,3
DA:39,1
DA:40,1
DA:41,1
DA:42,3
DA:46,2
DA:47,3
DA:54,1
DA:55,1
DA:56,1
DA:58,1
DA:59,1
DA:60,1
DA:61,3
DA:64,1
DA:65,1
DA:67,1
DA:70,1
DA:72,1
DA:75,1
DA:78,1
DA:79,1
DA:80,1
DA:88,4
DA:89,1
DA:91,1
DA:92,2
DA:95,3
DA:96,1
DA:97,1
DA:98,1
DA:99,3
DA:102,1
DA:103,1
DA:104,1
DA:106,1
DA:108,1
DA:109,1
DA:110,1
DA:111,3
DA:114,1
DA:115,1
DA:116,1
DA:117,2
DA:118,1
DA:123,1
DA:128,1
DA:136,1
LF:59
LH:59
end_of_record
SF:lib\src\widgets\load_fail_widget.dart
DA:8,1
DA:9,1
DA:11,1
DA:13,1
DA:16,1
DA:19,1
DA:20,1
DA:21,1
DA:23,4
DA:25,1
DA:26,1
DA:29,1
DA:30,2
LF:13
LH:13
end_of_record
SF:lib\src\constants\app_assets.dart
DA:9,1
DA:10,1
DA:11,4
DA:16,1
DA:17,3
LF:5
LH:5
end_of_record
SF:lib\src\helper\day_format.dart
DA:4,1
DA:5,3
DA:8,1
DA:9,3
DA:13,1
DA:14,3
DA:17,1
DA:18,1
DA:19,3
DA:23,1
DA:24,1
DA:25,3
LF:12
LH:12
end_of_record
SF:lib\src\screens\main_screen\main_screen.dart
DA:6,0
DA:7,0
DA:9,0
DA:10,0
DA:11,0
DA:12,0
DA:14,0
DA:15,0
DA:16,0
LF:9
LH:0
end_of_record
SF:lib\src\screens\not_found_screen\not_found_screen.dart
DA:4,2
DA:6,0
DA:8,0
LF:3
LH:1
end_of_record
SF:lib\src\screens\weather_forecast_screen\weather_forecast_screen.dart
DA:24,2
DA:26,1
DA:27,1
DA:32,3
DA:63,1
DA:65,1
DA:66,1
DA:67,1
DA:68,8
DA:69,1
DA:70,1
DA:71,8
DA:74,1
DA:76,3
DA:77,4
DA:78,1
DA:84,5
DA:90,5
DA:96,5
DA:102,5
DA:108,5
DA:112,1
DA:113,1
DA:114,1
DA:115,1
DA:116,1
DA:117,2
DA:118,1
DA:119,1
DA:120,1
DA:121,1
DA:124,1
DA:125,0
DA:126,0
DA:128,1
DA:129,1
DA:130,1
DA:134,1
DA:135,2
DA:141,1
DA:142,1
DA:143,2
DA:144,1
DA:145,1
DA:146,1
DA:147,1
DA:151,1
DA:153,1
DA:154,1
DA:155,1
DA:157,1
DA:158,1
DA:159,1
DA:160,1
DA:161,1
DA:162,1
DA:163,1
DA:164,1
DA:165,1
DA:167,1
DA:168,1
DA:172,1
DA:173,1
DA:174,1
DA:175,1
DA:176,2
DA:177,1
DA:180,1
DA:181,1
DA:183,1
DA:184,1
DA:185,2
DA:186,1
DA:194,1
DA:197,1
DA:198,1
DA:199,1
DA:200,1
DA:201,1
DA:202,3
DA:203,3
DA:205,1
DA:206,1
DA:207,1
DA:212,1
DA:213,1
DA:216,1
DA:217,1
DA:218,4
DA:221,1
DA:222,2
DA:225,1
DA:227,1
DA:228,1
DA:229,3
DA:232,2
DA:233,1
DA:234,2
DA:235,1
DA:238,1
DA:239,1
DA:241,1
DA:242,1
DA:243,1
DA:244,1
DA:245,2
DA:248,1
DA:249,1
DA:250,1
DA:251,1
DA:252,1
DA:254,1
DA:255,2
DA:256,1
DA:259,1
DA:260,1
DA:262,2
DA:264,1
DA:265,2
DA:266,1
DA:267,1
DA:268,1
DA:273,1
DA:274,1
DA:276,1
DA:277,1
DA:278,1
DA:280,1
DA:281,1
DA:282,1
DA:288,1
DA:289,1
DA:290,1
DA:291,1
DA:293,2
DA:299,1
DA:300,1
DA:301,2
DA:302,2
DA:303,1
DA:304,6
DA:313,1
DA:314,1
DA:315,1
DA:316,1
DA:317,1
DA:322,1
DA:323,1
DA:324,1
DA:325,1
DA:326,1
DA:327,3
DA:328,3
DA:330,1
DA:332,1
DA:333,1
DA:334,1
DA:336,2
DA:337,1
DA:339,1
DA:340,1
DA:341,1
DA:342,1
DA:343,2
DA:346,1
DA:347,1
DA:348,1
DA:349,1
DA:350,1
DA:352,1
DA:353,2
DA:354,1
DA:355,1
DA:356,1
DA:359,2
DA:361,1
DA:362,2
DA:363,1
DA:364,1
DA:365,1
DA:369,1
DA:370,1
DA:372,1
DA:373,1
DA:374,1
DA:375,2
DA:380,1
DA:381,1
DA:382,1
DA:383,1
DA:388,1
DA:389,1
DA:390,1
DA:391,0
DA:392,0
DA:393,0
DA:394,0
LF:197
LH:191
end_of_record
SF:lib\src\widgets\day_temp_chart.dart
DA:13,1
DA:15,1
DA:19,1
DA:21,5
DA:26,1
DA:28,1
DA:31,4
DA:32,4
DA:33,5
LF:9
LH:9
end_of_record
SF:lib\src\widgets\refresh_button.dart
DA:6,2
DA:8,1
DA:10,1
DA:11,1
DA:15,1
LF:5
LH:5
end_of_record
SF:lib\src\widgets\week_temp_chart.dart
DA:8,2
DA:10,1
DA:11,1
DA:20,1
DA:22,1
DA:23,2
DA:24,3
DA:25,2
DA:26,2
DA:29,1
DA:31,1
DA:32,1
DA:33,1
DA:35,1
DA:36,1
DA:37,1
DA:40,1
DA:44,1
DA:47,1
DA:48,1
DA:54,1
DA:56,1
DA:57,1
DA:58,1
DA:59,1
DA:61,2
DA:63,1
DA:64,1
DA:66,2
DA:68,1
DA:73,1
DA:74,4
DA:78,1
DA:79,4
LF:34
LH:34
end_of_record
SF:lib\src\widgets\map.dart
DA:11,1
DA:15,1
DA:17,1
DA:18,3
DA:20,1
DA:22,1
DA:23,1
DA:24,1
DA:25,3
DA:27,1
LF:10
LH:10
end_of_record
