SF:lib\src\blocs\current_weather_bloc\current_weather_bloc.dart
DA:12,6
DA:13,4
DA:15,4
DA:16,6
DA:17,4
DA:18,2
DA:20,4
LF:7
LH:7
end_of_record
SF:lib\src\blocs\current_weather_bloc\current_weather_event.dart
DA:4,0
DA:5,0
DA:12,2
DA:13,1
DA:14,3
LF:5
LH:3
end_of_record
SF:lib\src\blocs\current_weather_bloc\current_weather_state.dart
DA:6,1
DA:7,1
DA:17,2
DA:19,1
DA:20,2
LF:5
LH:5
end_of_record
SF:lib\src\models\current_weather.dart
DA:10,2
DA:16,0
DA:17,0
DA:19,0
DA:20,0
DA:21,0
DA:22,0
DA:23,0
DA:24,0
DA:26,0
DA:27,0
DA:28,0
LF:12
LH:1
end_of_record
SF:lib\src\models\temp_hourly.dart
DA:8,2
DA:11,0
DA:12,0
DA:13,0
DA:14,0
DA:15,0
LF:6
LH:1
end_of_record
SF:lib\src\models\weather.dart
DA:5,3
DA:7,0
DA:8,0
DA:9,0
DA:10,0
LF:5
LH:1
end_of_record
SF:lib\src\models\temp_daily.dart
DA:9,2
DA:15,0
DA:16,0
DA:17,0
DA:18,0
DA:19,0
DA:20,0
DA:21,0
LF:8
LH:1
end_of_record
SF:lib\src\models\week_forecast_weather.dart
DA:8,2
DA:10,0
DA:11,0
DA:12,0
DA:13,0
DA:14,0
DA:15,0
DA:17,0
LF:8
LH:1
end_of_record
SF:lib\src\blocs\location\location_bloc.dart
DA:10,3
DA:11,2
DA:12,2
DA:14,3
DA:15,2
DA:17,3
LF:6
LH:6
end_of_record
SF:lib\src\blocs\location\location_event.dart
DA:4,0
DA:5,0
LF:2
LH:0
end_of_record
SF:lib\src\blocs\location\location_state.dart
DA:6,1
DA:7,1
DA:17,2
DA:18,1
DA:19,2
DA:25,2
DA:27,1
DA:28,2
LF:8
LH:8
end_of_record
SF:lib\src\services\location\location_service.dart
DA:4,0
LF:1
LH:0
end_of_record
SF:lib\src\models\city.dart
DA:6,4
DA:12,1
DA:13,1
DA:14,1
DA:15,2
DA:16,2
LF:6
LH:6
end_of_record
SF:lib\src\blocs\week_forecast_weather_bloc\week_forecast_weather_bloc.dart
DA:11,2
DA:12,4
DA:13,4
DA:14,4
DA:16,6
DA:17,4
DA:18,2
DA:21,4
LF:8
LH:8
end_of_record
SF:lib\src\blocs\week_forecast_weather_bloc\week_forecast_weather_event.dart
DA:4,0
DA:5,0
DA:12,2
DA:13,1
DA:14,3
LF:5
LH:3
end_of_record
SF:lib\src\blocs\week_forecast_weather_bloc\week_forecast_weather_state.dart
DA:6,1
DA:7,1
DA:16,2
DA:17,1
DA:18,2
LF:5
LH:5
end_of_record
SF:lib\src\routes\route_controller.dart
DA:11,0
DA:12,0
DA:13,0
DA:14,0
DA:15,0
DA:17,0
DA:18,0
DA:19,0
DA:20,0
LF:9
LH:0
end_of_record
SF:lib\src\screens\location_screen\location_screen.dart
DA:16,1
DA:17,2
DA:19,1
DA:21,1
DA:22,3
DA:23,1
DA:25,1
DA:27,1
DA:28,1
DA:30,1
DA:31,1
DA:32,3
DA:36,3
DA:39,1
DA:40,1
DA:41,1
DA:43,1
DA:44,1
DA:45,1
DA:46,3
DA:49,1
DA:50,1
DA:52,1
DA:55,1
DA:57,1
DA:60,1
DA:63,1
DA:64,1
DA:65,1
DA:73,4
DA:74,1
DA:76,1
DA:77,2
DA:80,3
DA:81,1
DA:82,1
DA:83,1
DA:84,3
DA:87,1
DA:88,1
DA:89,1
DA:91,1
DA:93,1
DA:94,1
DA:95,1
DA:96,1
DA:97,1
DA:99,1
DA:100,1
DA:101,1
DA:102,2
DA:103,1
DA:108,1
DA:113,1
DA:121,1
LF:55
LH:55
end_of_record
SF:lib\src\widgets\load_fail_widget.dart
DA:8,2
DA:9,2
DA:11,2
DA:13,2
DA:16,2
DA:19,2
DA:20,2
DA:21,2
DA:23,8
DA:25,2
DA:26,2
DA:29,2
DA:30,4
LF:13
LH:13
end_of_record
SF:lib\src\constants\app_assets.dart
DA:9,1
DA:10,1
DA:11,4
DA:16,1
DA:17,1
DA:18,4
DA:23,1
DA:24,3
LF:8
LH:8
end_of_record
SF:lib\src\helper\day_format.dart
DA:4,1
DA:5,3
DA:8,1
DA:9,3
DA:13,1
DA:14,3
DA:17,1
DA:18,1
DA:19,3
DA:23,1
DA:24,1
DA:25,3
LF:12
LH:12
end_of_record
SF:lib\src\screens\main_screen\main_screen.dart
DA:18,2
DA:20,0
DA:21,0
DA:56,0
DA:58,0
DA:59,0
DA:60,0
DA:61,0
DA:65,0
DA:71,0
DA:72,0
DA:73,0
DA:79,0
DA:85,0
DA:89,0
DA:90,0
DA:93,0
DA:95,0
DA:96,0
DA:97,0
DA:98,0
DA:99,0
DA:100,0
DA:101,0
DA:102,0
DA:103,0
DA:105,0
DA:108,0
DA:109,0
DA:110,0
DA:111,0
DA:114,0
DA:115,0
DA:116,0
DA:117,0
DA:118,0
DA:119,0
DA:122,0
DA:123,0
DA:125,0
DA:126,0
DA:127,0
DA:131,0
DA:132,0
DA:133,0
DA:134,0
DA:137,0
DA:139,0
DA:140,0
DA:143,0
DA:144,0
DA:152,0
DA:153,0
DA:158,0
DA:164,0
DA:165,0
DA:166,0
DA:167,0
DA:168,0
DA:170,0
DA:173,0
DA:174,0
DA:175,0
DA:178,0
DA:179,0
DA:180,0
DA:181,0
DA:182,0
DA:183,0
DA:185,0
DA:186,0
DA:187,0
DA:188,0
DA:189,0
DA:190,0
DA:191,0
DA:194,0
DA:195,0
DA:196,0
DA:197,0
DA:198,0
DA:199,0
DA:200,0
DA:201,0
DA:207,0
DA:208,0
DA:210,0
DA:211,0
DA:212,0
DA:213,0
DA:214,0
DA:220,0
DA:222,0
DA:224,0
DA:225,0
DA:226,0
DA:235,0
DA:236,0
DA:241,0
LF:99
LH:1
end_of_record
SF:lib\src\screens\not_found_screen\not_found_screen.dart
DA:4,2
DA:6,0
DA:8,0
LF:3
LH:1
end_of_record
SF:lib\src\screens\weather_forecast_screen\weather_forecast_screen.dart
DA:25,2
DA:27,1
DA:28,1
DA:32,3
DA:63,1
DA:65,1
DA:66,3
DA:67,5
DA:68,4
DA:69,4
DA:72,1
DA:74,1
DA:75,3
DA:76,3
DA:82,3
DA:88,3
DA:94,3
DA:97,3
DA:103,3
DA:107,1
DA:108,1
DA:109,1
DA:110,1
DA:111,2
DA:112,1
DA:113,1
DA:114,1
DA:115,1
DA:118,2
DA:119,1
DA:120,1
DA:121,2
DA:122,1
DA:123,1
DA:124,1
DA:125,1
DA:128,1
DA:130,1
DA:131,1
DA:132,1
DA:134,1
DA:135,1
DA:136,1
DA:137,1
DA:138,1
DA:139,1
DA:140,1
DA:141,1
DA:142,1
DA:144,1
DA:145,1
DA:149,1
DA:150,1
DA:151,1
DA:152,1
DA:153,2
DA:154,1
DA:157,1
DA:158,1
DA:160,1
DA:161,1
DA:162,2
DA:163,1
DA:171,1
DA:174,1
DA:175,1
DA:176,1
DA:177,1
DA:178,1
DA:179,2
DA:180,2
DA:182,1
DA:183,1
DA:184,1
DA:189,1
DA:190,1
DA:193,1
DA:194,1
DA:195,4
DA:198,1
DA:199,2
DA:202,1
DA:204,1
DA:205,1
DA:206,3
DA:209,2
DA:210,1
DA:211,2
DA:212,1
DA:215,1
DA:216,1
DA:218,1
DA:219,1
DA:220,1
DA:221,1
DA:222,2
DA:225,1
DA:226,1
DA:227,1
DA:228,1
DA:229,1
DA:231,1
DA:232,2
DA:233,1
DA:236,1
DA:237,1
DA:239,2
DA:241,1
DA:242,2
DA:243,1
DA:244,1
DA:245,1
DA:250,1
DA:251,1
DA:253,1
DA:254,1
DA:255,1
DA:257,1
DA:258,1
DA:259,1
DA:265,1
DA:266,1
DA:267,1
DA:268,1
DA:270,2
DA:271,1
DA:277,1
DA:278,1
DA:279,1
DA:280,1
DA:281,2
DA:282,1
DA:283,2
DA:284,2
DA:295,1
DA:296,1
DA:297,1
DA:298,1
DA:299,1
DA:304,1
DA:305,1
DA:306,1
DA:307,1
DA:308,1
DA:309,2
DA:310,2
DA:312,1
DA:314,1
DA:315,1
DA:316,1
DA:318,2
DA:319,1
DA:321,1
DA:322,1
DA:323,1
DA:324,1
DA:325,2
DA:328,1
DA:329,1
DA:330,1
DA:331,1
DA:332,1
DA:334,1
DA:335,2
DA:336,1
DA:337,1
DA:338,1
DA:341,2
DA:343,1
DA:344,2
DA:345,1
DA:346,1
DA:347,1
DA:351,1
DA:352,1
DA:354,1
DA:355,1
DA:356,1
DA:357,2
DA:362,1
DA:363,1
DA:364,1
DA:365,1
DA:370,1
DA:371,1
DA:372,1
DA:373,0
DA:374,0
DA:375,0
DA:376,0
DA:377,0
LF:191
LH:186
end_of_record
SF:lib\src\widgets\custom_app_bar.dart
DA:12,2
DA:18,2
DA:20,2
DA:22,2
DA:23,6
DA:29,6
DA:35,2
DA:38,2
DA:40,2
DA:41,2
DA:42,4
DA:43,4
DA:46,2
DA:50,2
LF:14
LH:14
end_of_record
SF:lib\src\widgets\day_temp_chart.dart
DA:14,1
DA:19,1
DA:22,1
DA:24,5
DA:29,1
DA:31,1
DA:34,4
DA:35,4
DA:36,5
LF:9
LH:9
end_of_record
SF:lib\src\widgets\map.dart
DA:12,2
DA:16,1
DA:18,1
DA:19,3
DA:21,1
DA:23,1
DA:24,1
DA:25,1
DA:26,1
DA:27,3
DA:29,1
DA:32,1
DA:33,3
LF:13
LH:13
end_of_record
SF:lib\src\widgets\week_temp_chart.dart
DA:9,2
DA:11,1
DA:12,1
DA:21,1
DA:23,1
DA:24,2
DA:25,3
DA:26,2
DA:27,2
DA:30,1
DA:32,1
DA:33,1
DA:34,1
DA:36,1
DA:37,1
DA:38,1
DA:41,1
DA:45,1
DA:48,1
DA:49,1
DA:54,1
DA:56,1
DA:57,1
DA:58,1
DA:59,1
DA:61,2
DA:63,1
DA:64,1
DA:66,2
DA:68,1
DA:73,1
DA:74,4
DA:78,1
DA:79,4
LF:34
LH:34
end_of_record
